2025-11-22 13:06:40 [main] INFO  ru.netology.elk.Application - Starting Application using Java 21.0.7 with PID 21140 (D:\Download\elk\elk\target\classes started by Евгений in D:\Download\elk\elk)
2025-11-22 13:06:40 [main] INFO  ru.netology.elk.Application - No active profile set, falling back to 1 default profile: "default"
2025-11-22 13:06:41 [main] INFO  o.s.b.w.e.tomcat.TomcatWebServer - Tomcat initialized with port 8080 (http)
2025-11-22 13:06:41 [main] INFO  o.a.coyote.http11.Http11NioProtocol - Initializing ProtocolHandler ["http-nio-8080"]
2025-11-22 13:06:41 [main] INFO  o.a.catalina.core.StandardService - Starting service [Tomcat]
2025-11-22 13:06:41 [main] INFO  o.a.catalina.core.StandardEngine - Starting Servlet engine: [Apache Tomcat/10.1.16]
2025-11-22 13:06:41 [main] INFO  o.a.c.c.C.[Tomcat].[localhost].[/] - Initializing Spring embedded WebApplicationContext
2025-11-22 13:06:41 [main] INFO  o.s.b.w.s.c.ServletWebServerApplicationContext - Root WebApplicationContext: initialization completed in 902 ms
2025-11-22 13:06:42 [main] INFO  o.a.coyote.http11.Http11NioProtocol - Starting ProtocolHandler ["http-nio-8080"]
2025-11-22 13:06:42 [main] INFO  o.s.b.w.e.tomcat.TomcatWebServer - Tomcat started on port 8080 (http) with context path ''
2025-11-22 13:06:42 [main] INFO  ru.netology.elk.Application - Started Application in 2.018 seconds (process running for 2.589)
2025-11-22 13:37:14 [main] INFO  ru.netology.elk.Application - Starting Application using Java 21.0.9 with PID 7488 (D:\Download\elk\elk\target\classes started by Евгений in D:\Download\elk\elk)
2025-11-22 13:37:14 [main] INFO  ru.netology.elk.Application - No active profile set, falling back to 1 default profile: "default"
2025-11-22 13:37:15 [main] INFO  o.s.b.w.e.tomcat.TomcatWebServer - Tomcat initialized with port 8080 (http)
2025-11-22 13:37:15 [main] INFO  o.a.coyote.http11.Http11NioProtocol - Initializing ProtocolHandler ["http-nio-8080"]
2025-11-22 13:37:15 [main] INFO  o.a.catalina.core.StandardService - Starting service [Tomcat]
2025-11-22 13:37:15 [main] INFO  o.a.catalina.core.StandardEngine - Starting Servlet engine: [Apache Tomcat/10.1.16]
2025-11-22 13:37:15 [main] INFO  o.a.c.c.C.[Tomcat].[localhost].[/] - Initializing Spring embedded WebApplicationContext
2025-11-22 13:37:15 [main] INFO  o.s.b.w.s.c.ServletWebServerApplicationContext - Root WebApplicationContext: initialization completed in 1089 ms
2025-11-22 13:37:15 [main] INFO  o.a.coyote.http11.Http11NioProtocol - Starting ProtocolHandler ["http-nio-8080"]
2025-11-22 13:37:15 [main] INFO  o.s.b.w.e.tomcat.TomcatWebServer - Tomcat started on port 8080 (http) with context path ''
2025-11-22 13:37:15 [main] INFO  ru.netology.elk.Application - Started Application in 2.335 seconds (process running for 3.209)
2025-11-22 13:37:50 [http-nio-8080-exec-1] INFO  o.a.c.c.C.[Tomcat].[localhost].[/] - Initializing Spring DispatcherServlet 'dispatcherServlet'
2025-11-22 13:37:50 [http-nio-8080-exec-1] INFO  o.s.web.servlet.DispatcherServlet - Initializing Servlet 'dispatcherServlet'
2025-11-22 13:37:50 [http-nio-8080-exec-1] INFO  o.s.web.servlet.DispatcherServlet - Completed initialization in 1 ms
2025-11-22 13:37:54 [http-nio-8080-exec-5] INFO  ru.netology.elk.Application - Hello endpoint called
2025-11-22 13:40:39 [http-nio-8080-exec-10] ERROR ru.netology.elk.Application - This is a test error message
2025-11-22 13:54:23 [main] INFO  ru.netology.elk.Application - Starting Application using Java 21.0.9 with PID 10396 (D:\Download\elk\elk\target\classes started by Евгений in D:\Download\elk\elk)
2025-11-22 13:54:23 [main] INFO  ru.netology.elk.Application - No active profile set, falling back to 1 default profile: "default"
2025-11-22 13:54:24 [main] INFO  o.s.b.w.e.tomcat.TomcatWebServer - Tomcat initialized with port 8080 (http)
2025-11-22 13:54:24 [main] INFO  o.a.coyote.http11.Http11NioProtocol - Initializing ProtocolHandler ["http-nio-8080"]
2025-11-22 13:54:24 [main] INFO  o.a.catalina.core.StandardService - Starting service [Tomcat]
2025-11-22 13:54:24 [main] INFO  o.a.catalina.core.StandardEngine - Starting Servlet engine: [Apache Tomcat/10.1.16]
2025-11-22 13:54:24 [main] INFO  o.a.c.c.C.[Tomcat].[localhost].[/] - Initializing Spring embedded WebApplicationContext
2025-11-22 13:54:24 [main] INFO  o.s.b.w.s.c.ServletWebServerApplicationContext - Root WebApplicationContext: initialization completed in 1294 ms
2025-11-22 13:54:25 [main] INFO  o.a.coyote.http11.Http11NioProtocol - Starting ProtocolHandler ["http-nio-8080"]
2025-11-22 13:54:25 [main] INFO  o.s.b.w.e.tomcat.TomcatWebServer - Tomcat started on port 8080 (http) with context path ''
2025-11-22 13:54:25 [main] INFO  ru.netology.elk.Application - Started Application in 2.85 seconds (process running for 3.288)
2025-11-22 13:54:32 [http-nio-8080-exec-1] INFO  o.a.c.c.C.[Tomcat].[localhost].[/] - Initializing Spring DispatcherServlet 'dispatcherServlet'
2025-11-22 13:54:32 [http-nio-8080-exec-1] INFO  o.s.web.servlet.DispatcherServlet - Initializing Servlet 'dispatcherServlet'
2025-11-22 13:54:32 [http-nio-8080-exec-1] INFO  o.s.web.servlet.DispatcherServlet - Completed initialization in 1 ms
2025-11-22 13:54:32 [http-nio-8080-exec-1] ERROR ru.netology.elk.Application - This is a test error message
2025-11-22 13:55:06 [http-nio-8080-exec-2] INFO  ru.netology.elk.Application - Hello endpoint called
2025-11-22 16:09:30 [main] INFO  ru.netology.elk.Application - Starting Application using Java 21.0.9 with PID 21604 (D:\Download\elk\elk\target\classes started by Евгений in D:\Download\elk\elk)
2025-11-22 16:09:30 [main] INFO  ru.netology.elk.Application - No active profile set, falling back to 1 default profile: "default"
2025-11-22 16:09:31 [main] INFO  o.s.b.w.e.tomcat.TomcatWebServer - Tomcat initialized with port 8080 (http)
2025-11-22 16:09:31 [main] INFO  o.a.coyote.http11.Http11NioProtocol - Initializing ProtocolHandler ["http-nio-8080"]
2025-11-22 16:09:31 [main] INFO  o.a.catalina.core.StandardService - Starting service [Tomcat]
2025-11-22 16:09:31 [main] INFO  o.a.catalina.core.StandardEngine - Starting Servlet engine: [Apache Tomcat/10.1.16]
2025-11-22 16:09:31 [main] INFO  o.a.c.c.C.[Tomcat].[localhost].[/] - Initializing Spring embedded WebApplicationContext
2025-11-22 16:09:31 [main] INFO  o.s.b.w.s.c.ServletWebServerApplicationContext - Root WebApplicationContext: initialization completed in 891 ms
2025-11-22 16:09:31 [main] INFO  o.a.coyote.http11.Http11NioProtocol - Starting ProtocolHandler ["http-nio-8080"]
2025-11-22 16:09:31 [main] INFO  o.s.b.w.e.tomcat.TomcatWebServer - Tomcat started on port 8080 (http) with context path ''
2025-11-22 16:09:31 [main] INFO  ru.netology.elk.Application - Started Application in 2.041 seconds (process running for 2.464)
2025-11-22 16:09:34 [http-nio-8080-exec-1] INFO  o.a.c.c.C.[Tomcat].[localhost].[/] - Initializing Spring DispatcherServlet 'dispatcherServlet'
2025-11-22 16:09:34 [http-nio-8080-exec-1] INFO  o.s.web.servlet.DispatcherServlet - Initializing Servlet 'dispatcherServlet'
2025-11-22 16:09:34 [http-nio-8080-exec-1] INFO  o.s.web.servlet.DispatcherServlet - Completed initialization in 0 ms
2025-11-22 16:09:34 [http-nio-8080-exec-1] ERROR ru.netology.elk.Application - This is a test error message
2025-11-22 16:09:35 [http-nio-8080-exec-2] ERROR ru.netology.elk.Application - This is a test error message
2025-11-22 16:09:36 [http-nio-8080-exec-3] ERROR ru.netology.elk.Application - This is a test error message
2025-11-22 16:13:47 [http-nio-8080-exec-6] ERROR ru.netology.elk.Application - This is a test error message
2025-11-22 16:25:51 [main] INFO  ru.netology.elk.Application - Starting Application using Java 21.0.9 with PID 21440 (D:\Download\elk\elk\target\classes started by Евгений in D:\Download\elk\elk)
2025-11-22 16:25:51 [main] INFO  ru.netology.elk.Application - No active profile set, falling back to 1 default profile: "default"
2025-11-22 16:25:52 [main] INFO  o.s.b.w.e.tomcat.TomcatWebServer - Tomcat initialized with port 8080 (http)
2025-11-22 16:25:52 [main] INFO  o.a.coyote.http11.Http11NioProtocol - Initializing ProtocolHandler ["http-nio-8080"]
2025-11-22 16:25:52 [main] INFO  o.a.catalina.core.StandardService - Starting service [Tomcat]
2025-11-22 16:25:52 [main] INFO  o.a.catalina.core.StandardEngine - Starting Servlet engine: [Apache Tomcat/10.1.16]
2025-11-22 16:25:52 [main] INFO  o.a.c.c.C.[Tomcat].[localhost].[/] - Initializing Spring embedded WebApplicationContext
2025-11-22 16:25:52 [main] INFO  o.s.b.w.s.c.ServletWebServerApplicationContext - Root WebApplicationContext: initialization completed in 1093 ms
2025-11-22 16:25:52 [main] INFO  o.a.coyote.http11.Http11NioProtocol - Starting ProtocolHandler ["http-nio-8080"]
2025-11-22 16:25:52 [main] INFO  o.s.b.w.e.tomcat.TomcatWebServer - Tomcat started on port 8080 (http) with context path ''
2025-11-22 16:25:52 [main] INFO  ru.netology.elk.Application - Started Application in 2.66 seconds (process running for 3.197)
2025-11-22 16:26:38 [http-nio-8080-exec-1] INFO  o.a.c.c.C.[Tomcat].[localhost].[/] - Initializing Spring DispatcherServlet 'dispatcherServlet'
2025-11-22 16:26:38 [http-nio-8080-exec-1] INFO  o.s.web.servlet.DispatcherServlet - Initializing Servlet 'dispatcherServlet'
2025-11-22 16:26:38 [http-nio-8080-exec-1] INFO  o.s.web.servlet.DispatcherServlet - Completed initialization in 1 ms
2025-11-22 16:26:43 [http-nio-8080-exec-2] ERROR ru.netology.elk.Application - This is a test error message
2025-11-22 16:32:34 [http-nio-8080-exec-5] ERROR ru.netology.elk.Application - This is a test error message
